Using pre-set license
Built from '2020.3/staging' branch; Version is '2020.3.17f1 (a4537701e4ab) revision 10769271'; Using compiler version '192528614'; Build Type 'Release'
OS: 'Windows 10 Pro; OS build 19042.1237; Version 2009; 64bit' Language: 'en' Physical Memory: 32660 MB
BatchMode: 1, IsHumanControllingUs: 0, StartBugReporterOnCrash: 0, Is64bit: 1, IsPro: 0

COMMAND LINE ARGUMENTS:
C:\Program Files\Unity\Hub\Editor\2020.3.17f1\Editor\Unity.exe
-adb2
-batchMode
-noUpm
-name
AssetImportWorker0
-projectPath
C:/Users/PC/Desktop/alt_realities_project1_repo/DeadAliveDeadAgain
-logFile
Logs/AssetImportWorker0.log
-srvPort
57893
Successfully changed project path to: C:/Users/PC/Desktop/alt_realities_project1_repo/DeadAliveDeadAgain
C:/Users/PC/Desktop/alt_realities_project1_repo/DeadAliveDeadAgain
Using Asset Import Pipeline V2.
Refreshing native plugins compatible for Editor in 61.81 ms, found 5 plugins.
Preloading 1 native plugins for Editor in 0.78 ms.
Initialize engine version: 2020.3.17f1 (a4537701e4ab)
[Subsystems] Discovering subsystems at path C:/Program Files/Unity/Hub/Editor/2020.3.17f1/Editor/Data/Resources/UnitySubsystems
[Subsystems] Discovering subsystems at path C:/Users/PC/Desktop/alt_realities_project1_repo/DeadAliveDeadAgain/Assets
GfxDevice: creating device client; threaded=0
Direct3D:
    Version:  Direct3D 11.0 [level 11.1]
    Renderer: NVIDIA GeForce RTX 3070 (ID=0x2484)
    Vendor:   
    VRAM:     8043 MB
    Driver:   27.21.14.6089
Initialize mono
Mono path[0] = 'C:/Program Files/Unity/Hub/Editor/2020.3.17f1/Editor/Data/Managed'
Mono path[1] = 'C:/Program Files/Unity/Hub/Editor/2020.3.17f1/Editor/Data/MonoBleedingEdge/lib/mono/unityjit'
Mono config path = 'C:/Program Files/Unity/Hub/Editor/2020.3.17f1/Editor/Data/MonoBleedingEdge/etc'
Using monoOptions --debugger-agent=transport=dt_socket,embedding=1,server=y,suspend=n,address=127.0.0.1:56604
Begin MonoManager ReloadAssembly
Registering precompiled unity dll's ...
Register platform support module: C:/Program Files/Unity/Hub/Editor/2020.3.17f1/Editor/Data/PlaybackEngines/WindowsStandaloneSupport/UnityEditor.WindowsStandalone.Extensions.dll
Register platform support module: C:/Program Files/Unity/Hub/Editor/2020.3.17f1/Editor/Data/PlaybackEngines/LinuxStandaloneSupport/UnityEditor.LinuxStandalone.Extensions.dll
Registered in 0.001864 seconds.
Native extension for LinuxStandalone target not found
Native extension for WindowsStandalone target not found
Refreshing native plugins compatible for Editor in 58.10 ms, found 5 plugins.
Preloading 1 native plugins for Editor in 0.06 ms.
Mono: successfully reloaded assembly
- Completed reload, in  1.362 seconds
Domain Reload Profiling:
	ReloadAssembly (1362ms)
		BeginReloadAssembly (45ms)
			ExecutionOrderSort (0ms)
			DisableScriptedObjects (0ms)
			BackupInstance (0ms)
			ReleaseScriptingObjects (0ms)
			CreateAndSetChildDomain (1ms)
		EndReloadAssembly (353ms)
			LoadAssemblies (44ms)
			RebuildTransferFunctionScriptingTraits (0ms)
			SetupTypeCache (115ms)
			ReleaseScriptCaches (0ms)
			RebuildScriptCaches (24ms)
			SetupLoadedEditorAssemblies (154ms)
				LogAssemblyErrors (0ms)
				InitializePlatformSupportModulesInManaged (4ms)
				SetLoadedEditorAssemblies (0ms)
				RefreshPlugins (58ms)
				BeforeProcessingInitializeOnLoad (10ms)
				ProcessInitializeOnLoadAttributes (60ms)
				ProcessInitializeOnLoadMethodAttributes (21ms)
				AfterProcessingInitializeOnLoad (0ms)
				EditorAssembliesLoaded (0ms)
			ExecutionOrderSort2 (0ms)
			AwakeInstancesAfterBackupRestoration (0ms)
Platform modules already initialized, skipping
Registering precompiled user dll's ...
Registered in 0.004309 seconds.
Begin MonoManager ReloadAssembly
Native extension for LinuxStandalone target not found
Native extension for WindowsStandalone target not found
Refreshing native plugins compatible for Editor in 67.88 ms, found 5 plugins.
Preloading 1 native plugins for Editor in 0.06 ms.
[XR] OculusXRPlugin: registering subsystems
[XR] Unable to register display lifecyle provider: [1]
[XR] Oculus Input lifecycle provider registered.
[XR] Unable to register input lifecyle provider: [1]
System.Reflection.TargetInvocationException: Exception has been thrown by the target of an invocation. ---> System.NullReferenceException: Object reference not set to an instance of an object
  at Unity.XR.Oculus.OculusLoader.AssetPathToAbsolutePath (System.String assetPath) [0x00048] in C:\Users\PC\Desktop\alt_realities_project1_repo\DeadAliveDeadAgain\Library\PackageCache\com.unity.xr.oculus@1.10.0\Runtime\OculusLoader.cs:250 
  at Unity.XR.Oculus.OculusLoader.EditorLoadOVRPlugin () [0x0007b] in C:\Users\PC\Desktop\alt_realities_project1_repo\DeadAliveDeadAgain\Library\PackageCache\com.unity.xr.oculus@1.10.0\Runtime\OculusLoader.cs:235 
  at (wrapper managed-to-native) System.Reflection.MonoMethod.InternalInvoke(System.Reflection.MonoMethod,object,object[],System.Exception&)
  at System.Reflection.MonoMethod.Invoke (System.Object obj, System.Reflection.BindingFlags invokeAttr, System.Reflection.Binder binder, System.Object[] parameters, System.Globalization.CultureInfo culture) [0x00032] in <695d1cc93cca45069c528c15c9fdd749>:0 
   --- End of inner exception stack trace ---
  at System.Reflection.MonoMethod.Invoke (System.Object obj, System.Reflection.BindingFlags invokeAttr, System.Reflection.Binder binder, System.Object[] parameters, System.Globalization.CultureInfo culture) [0x00048] in <695d1cc93cca45069c528c15c9fdd749>:0 
  at System.Reflection.MethodBase.Invoke (System.Object obj, System.Object[] parameters) [0x00000] in <695d1cc93cca45069c528c15c9fdd749>:0 
  at UnityEditor.EditorAssemblies.ProcessInitializeOnLoadMethodAttributes () [0x00047] in <d0e4b8c1204147f3935b6e9c8b8565ad>:0 
UnityEngine.StackTraceUtility:ExtractStackTrace ()
UnityEngine.DebugLogHandler:LogFormat (UnityEngine.LogType,UnityEngine.Object,string,object[])
UnityEngine.Logger:Log (UnityEngine.LogType,object)
UnityEngine.Debug:LogError (object)
UnityEditor.EditorAssemblies:ProcessInitializeOnLoadMethodAttributes ()

Mono: successfully reloaded assembly
- Completed reload, in  1.058 seconds
Domain Reload Profiling:
	ReloadAssembly (1059ms)
		BeginReloadAssembly (117ms)
			ExecutionOrderSort (0ms)
			DisableScriptedObjects (3ms)
			BackupInstance (0ms)
			ReleaseScriptingObjects (0ms)
			CreateAndSetChildDomain (14ms)
		EndReloadAssembly (891ms)
			LoadAssemblies (78ms)
			RebuildTransferFunctionScriptingTraits (0ms)
			SetupTypeCache (248ms)
			ReleaseScriptCaches (0ms)
			RebuildScriptCaches (43ms)
			SetupLoadedEditorAssemblies (425ms)
				LogAssemblyErrors (0ms)
				InitializePlatformSupportModulesInManaged (4ms)
				SetLoadedEditorAssemblies (0ms)
				RefreshPlugins (68ms)
				BeforeProcessingInitializeOnLoad (83ms)
				ProcessInitializeOnLoadAttributes (252ms)
				ProcessInitializeOnLoadMethodAttributes (13ms)
				AfterProcessingInitializeOnLoad (5ms)
				EditorAssembliesLoaded (0ms)
			ExecutionOrderSort2 (0ms)
			AwakeInstancesAfterBackupRestoration (5ms)
Platform modules already initialized, skipping
========================================================================
Worker process is ready to serve import requests
Launched and connected shader compiler UnityShaderCompiler.exe after 0.05 seconds
Refreshing native plugins compatible for Editor in 0.71 ms, found 5 plugins.
Preloading 1 native plugins for Editor in 0.07 ms.
Unloading 3329 Unused Serialized files (Serialized files now loaded: 0)
System memory in use before: 189.9 MB.
System memory in use after: 190.1 MB.

Unloading 22 unused Assets to reduce memory usage. Loaded Objects now: 3786.
Total: 3.421700 ms (FindLiveObjects: 0.372100 ms CreateObjectMapping: 0.256700 ms MarkObjects: 2.682400 ms  DeleteObjects: 0.109800 ms)

AssetImportParameters requested are different than current active one (requested -> active):
  custom:framework-win-MediaFoundation: 216162199b28c13a410421893ffa2e32 -> 
  custom:video-decoder-ogg-theora: a1e56fd34408186e4bbccfd4996cb3dc -> 
  custom:container-muxer-webm: aa71ff27fc2769a1b78a27578f13a17b -> 
  custom:container-demuxer-webm: 4f35f7cbe854078d1ac9338744f61a02 -> 
  custom:container-demuxer-ogg: 62fdf1f143b41e24485cea50d1cbac27 -> 
  custom:video-encoder-webm-vp8: eb34c28f22e8b96e1ab97ce403110664 -> 
  custom:video-decoder-webm-vp8: 9c59270c3fd7afecdb556c50c9e8de78 -> 
  custom:audio-decoder-ogg-vorbis: bf7c407c2cedff20999df2af8eb42d56 -> 
  custom:audio-encoder-webm-vorbis: bf7c407c2cedff20999df2af8eb42d56 -> 
========================================================================
Received Import Request.
  path: Assets/water_tank/Materials/barrel_water.mat
  artifactKey: Guid(299a9a1f92fcf0045b32f9f820475d25) Importer(815301076,1909f56bfc062723c751e8b465ee728b)
Start importing Assets/water_tank/Materials/barrel_water.mat using Guid(299a9a1f92fcf0045b32f9f820475d25) Importer(815301076,1909f56bfc062723c751e8b465ee728b)  -> (artifact id: '3638006c8d9b2f41f59090a2d97bb8ea') in 0.183707 seconds 
  Import took 0.187976 seconds .

========================================================================
Received Import Request.
  Time since last request: 0.000130 seconds.
  path: Assets/water_tank/sky.png
  artifactKey: Guid(431dccef0c3a43f4c9bb688c7b440728) Importer(815301076,1909f56bfc062723c751e8b465ee728b)
Start importing Assets/water_tank/sky.png using Guid(431dccef0c3a43f4c9bb688c7b440728) Importer(815301076,1909f56bfc062723c751e8b465ee728b)  -> (artifact id: 'ff57080d32a9948ad3113e6ae52a24df') in 0.058150 seconds 
  Import took 0.062153 seconds .

========================================================================
Received Import Request.
  Time since last request: 0.000119 seconds.
  path: Assets/water_tank/water_2.png
  artifactKey: Guid(1cf1f2cba8495144b9bbfada71d9e8b5) Importer(815301076,1909f56bfc062723c751e8b465ee728b)
Start importing Assets/water_tank/water_2.png using Guid(1cf1f2cba8495144b9bbfada71d9e8b5) Importer(815301076,1909f56bfc062723c751e8b465ee728b)  -> (artifact id: '4790dc01fc0c3a5b6c19d169f93c77d0') in 0.011701 seconds 
  Import took 0.015724 seconds .

========================================================================
Received Import Request.
  Time since last request: 0.000205 seconds.
  path: Assets/water_tank/barrel_water.png
  artifactKey: Guid(6c70ff52a08eb74498f645e3865d5212) Importer(815301076,1909f56bfc062723c751e8b465ee728b)
Start importing Assets/water_tank/barrel_water.png using Guid(6c70ff52a08eb74498f645e3865d5212) Importer(815301076,1909f56bfc062723c751e8b465ee728b)  -> (artifact id: '9a5397a9bcec556fef81bcf9373997c4') in 0.013808 seconds 
  Import took 0.018598 seconds .

========================================================================
Received Import Request.
  Time since last request: 0.000135 seconds.
  path: Assets/water_tank/barrel_water.prefab
  artifactKey: Guid(3ca37b12a14be5249a2baeea950df0e4) Importer(815301076,1909f56bfc062723c751e8b465ee728b)
Start importing Assets/water_tank/barrel_water.prefab using Guid(3ca37b12a14be5249a2baeea950df0e4) Importer(815301076,1909f56bfc062723c751e8b465ee728b)  -> (artifact id: '276ce89510bec01edebaa2c44d096fbd') in 0.048083 seconds 
  Import took 0.052871 seconds .

========================================================================
Received Import Request.
  Time since last request: 0.000163 seconds.
  path: Assets/water_tank/Materials/Water_2.mat
  artifactKey: Guid(acd0cc5698b69f74eaca662fce410f1d) Importer(815301076,1909f56bfc062723c751e8b465ee728b)
Start importing Assets/water_tank/Materials/Water_2.mat using Guid(acd0cc5698b69f74eaca662fce410f1d) Importer(815301076,1909f56bfc062723c751e8b465ee728b)  -> (artifact id: 'bd84c52c3ea2f76a65bd60607b34cc32') in 0.012209 seconds 
  Import took 0.016749 seconds .

========================================================================
Received Import Request.
  Time since last request: 0.000155 seconds.
  path: Assets/water_tank/water_1.png
  artifactKey: Guid(db867686e13453a48b686764b96f8fef) Importer(815301076,1909f56bfc062723c751e8b465ee728b)
Start importing Assets/water_tank/water_1.png using Guid(db867686e13453a48b686764b96f8fef) Importer(815301076,1909f56bfc062723c751e8b465ee728b)  -> (artifact id: 'ec229221b15ab4dacbfa0728d002c85e') in 0.010258 seconds 
  Import took 0.014977 seconds .

========================================================================
Received Import Request.
  Time since last request: 0.000118 seconds.
  path: Assets/water_tank/barrel_water.fbx
  artifactKey: Guid(4e28cc9369a74ca4797658201c922ec1) Importer(815301076,1909f56bfc062723c751e8b465ee728b)
Start importing Assets/water_tank/barrel_water.fbx using Guid(4e28cc9369a74ca4797658201c922ec1) Importer(815301076,1909f56bfc062723c751e8b465ee728b)  -> (artifact id: '30a5a384aea115640c0ecf703bba235a') in 0.036388 seconds 
  Import took 0.040567 seconds .

========================================================================
Received Import Request.
  Time since last request: 0.000138 seconds.
  path: Assets/water_tank/Materials/sky.mat
  artifactKey: Guid(9f577a5a195d56f479f3ff6725231a99) Importer(815301076,1909f56bfc062723c751e8b465ee728b)
Start importing Assets/water_tank/Materials/sky.mat using Guid(9f577a5a195d56f479f3ff6725231a99) Importer(815301076,1909f56bfc062723c751e8b465ee728b)  -> (artifact id: 'd72186f9ba366830fac0e9d97077623c') in 0.031698 seconds 
  Import took 0.036382 seconds .

========================================================================
Received Import Request.
  Time since last request: 0.000142 seconds.
  path: Assets/water_tank/Materials/Water_1.mat
  artifactKey: Guid(755c702169a7f1d4daffce5074dcc4d7) Importer(815301076,1909f56bfc062723c751e8b465ee728b)
Start importing Assets/water_tank/Materials/Water_1.mat using Guid(755c702169a7f1d4daffce5074dcc4d7) Importer(815301076,1909f56bfc062723c751e8b465ee728b)  -> (artifact id: '194b82d84a038881d9c7b851e303b6e5') in 0.011316 seconds 
  Import took 0.015757 seconds .

========================================================================
Received Import Request.
  Time since last request: 27.960265 seconds.
  path: Assets/water_tank/barrel.mat
  artifactKey: Guid(2cc3693d86e47aa438d53c99a5187df7) Importer(815301076,1909f56bfc062723c751e8b465ee728b)
Start importing Assets/water_tank/barrel.mat using Guid(2cc3693d86e47aa438d53c99a5187df7) Importer(815301076,1909f56bfc062723c751e8b465ee728b)  -> (artifact id: '9fadedaa318591df9300c8e1d89eb0d6') in 0.011676 seconds 
  Import took 0.016456 seconds .

========================================================================
Received Import Request.
  Time since last request: 38.420766 seconds.
  path: Assets/water_tank/Materials
  artifactKey: Guid(d6475160426221944ba3bd4b219b8956) Importer(815301076,1909f56bfc062723c751e8b465ee728b)
Start importing Assets/water_tank/Materials using Guid(d6475160426221944ba3bd4b219b8956) Importer(815301076,1909f56bfc062723c751e8b465ee728b)  -> (artifact id: '4cad412a07765618920b1bdfab9ba400') in 0.004918 seconds 
  Import took 0.009106 seconds .

========================================================================
Received Import Request.
  Time since last request: 191.493932 seconds.
  path: Assets/RTP Vol.1/Materials
  artifactKey: Guid(1c10f4b65ec72764ab338d4324417042) Importer(815301076,1909f56bfc062723c751e8b465ee728b)
Start importing Assets/RTP Vol.1/Materials using Guid(1c10f4b65ec72764ab338d4324417042) Importer(815301076,1909f56bfc062723c751e8b465ee728b)  -> (artifact id: '89105dfd4c96a24a47ad335ceccb3f0c') in 0.001780 seconds 
  Import took 0.006919 seconds .

========================================================================
Received Import Request.
  Time since last request: 0.046140 seconds.
  path: Assets/RTP Vol.1/Materials/Material_001.mat
  artifactKey: Guid(db05dcd6e1ea75c40aa704e4f7317add) Importer(815301076,1909f56bfc062723c751e8b465ee728b)
Start importing Assets/RTP Vol.1/Materials/Material_001.mat using Guid(db05dcd6e1ea75c40aa704e4f7317add) Importer(815301076,1909f56bfc062723c751e8b465ee728b)  -> (artifact id: '0e43a82511a266f111850ae8b4b5b2e7') in 0.032224 seconds 
  Import took 0.036938 seconds .

========================================================================
Received Import Request.
  Time since last request: 0.000133 seconds.
  path: Assets/RTP Vol.1/Materials/tree2_leaf.mat
  artifactKey: Guid(6c6a9e6baf27ada40b9834c30f5c397d) Importer(815301076,1909f56bfc062723c751e8b465ee728b)
Start importing Assets/RTP Vol.1/Materials/tree2_leaf.mat using Guid(6c6a9e6baf27ada40b9834c30f5c397d) Importer(815301076,1909f56bfc062723c751e8b465ee728b)  -> (artifact id: '8d8b4ada439a34f34a338ae663ae3c39') in 0.023205 seconds 
  Import took 0.027831 seconds .

========================================================================
Received Import Request.
  Time since last request: 0.000141 seconds.
  path: Assets/RTP Vol.1/Materials/tree2 leaf N.png
  artifactKey: Guid(56e1d981b8e51f74ca3dff1fe967c599) Importer(815301076,1909f56bfc062723c751e8b465ee728b)
Start importing Assets/RTP Vol.1/Materials/tree2 leaf N.png using Guid(56e1d981b8e51f74ca3dff1fe967c599) Importer(815301076,1909f56bfc062723c751e8b465ee728b)  -> (artifact id: '6148363e54fbac808ec69c722148e9d7') in 0.016199 seconds 
  Import took 0.020750 seconds .

========================================================================
Received Import Request.
  Time since last request: 0.000123 seconds.
  path: Assets/RTP Vol.1/Materials/tree2_bark.mat
  artifactKey: Guid(1d0a3245747551a4b88f61444067046e) Importer(815301076,1909f56bfc062723c751e8b465ee728b)
Start importing Assets/RTP Vol.1/Materials/tree2_bark.mat using Guid(1d0a3245747551a4b88f61444067046e) Importer(815301076,1909f56bfc062723c751e8b465ee728b)  -> (artifact id: '2c9b53cf893267d42cecac91fa5543aa') in 0.021821 seconds 
  Import took 0.025995 seconds .

========================================================================
Received Import Request.
  Time since last request: 0.000137 seconds.
  path: Assets/RTP Vol.1/Materials/tree1 leaf.png
  artifactKey: Guid(83332f47b2c28a04cb5f56693799891d) Importer(815301076,1909f56bfc062723c751e8b465ee728b)
Start importing Assets/RTP Vol.1/Materials/tree1 leaf.png using Guid(83332f47b2c28a04cb5f56693799891d) Importer(815301076,1909f56bfc062723c751e8b465ee728b)  -> (artifact id: '664e859c02e550b94d4ab2a29d08cb3b') in 0.018017 seconds 
  Import took 0.022212 seconds .

========================================================================
Received Import Request.
  Time since last request: 0.000132 seconds.
  path: Assets/RTP Vol.1/Materials/tree2 leaf.png
  artifactKey: Guid(3fb06fe8beabf3247af916702c85bc5b) Importer(815301076,1909f56bfc062723c751e8b465ee728b)
Start importing Assets/RTP Vol.1/Materials/tree2 leaf.png using Guid(3fb06fe8beabf3247af916702c85bc5b) Importer(815301076,1909f56bfc062723c751e8b465ee728b)  -> (artifact id: '8c2305aab45225dbf239b153e076a70b') in 0.020165 seconds 
  Import took 0.024288 seconds .

========================================================================
Received Import Request.
  Time since last request: 0.000131 seconds.
  path: Assets/RTP Vol.1/Materials/tree1 leaf N.png
  artifactKey: Guid(28e8ed6d5433d994e93275010f42ae43) Importer(815301076,1909f56bfc062723c751e8b465ee728b)
Start importing Assets/RTP Vol.1/Materials/tree1 leaf N.png using Guid(28e8ed6d5433d994e93275010f42ae43) Importer(815301076,1909f56bfc062723c751e8b465ee728b)  -> (artifact id: 'b3ed946d178a6caad73bb035275ebf55') in 0.019163 seconds 
  Import took 0.023937 seconds .

========================================================================
Received Import Request.
  Time since last request: 0.000123 seconds.
  path: Assets/RTP Vol.1/Materials/tree2 bark N.png
  artifactKey: Guid(85279fd4574f3da46847e26c4c17ac00) Importer(815301076,1909f56bfc062723c751e8b465ee728b)
Start importing Assets/RTP Vol.1/Materials/tree2 bark N.png using Guid(85279fd4574f3da46847e26c4c17ac00) Importer(815301076,1909f56bfc062723c751e8b465ee728b)  -> (artifact id: '9965b6fc998d7734be300505dfd3c761') in 0.018245 seconds 
  Import took 0.022695 seconds .

========================================================================
Received Import Request.
  Time since last request: 0.000167 seconds.
  path: Assets/RTP Vol.1/Materials/Material_002.mat
  artifactKey: Guid(a56fe6e4fa8c84149bff66bda55b7465) Importer(815301076,1909f56bfc062723c751e8b465ee728b)
Start importing Assets/RTP Vol.1/Materials/Material_002.mat using Guid(a56fe6e4fa8c84149bff66bda55b7465) Importer(815301076,1909f56bfc062723c751e8b465ee728b)  -> (artifact id: 'cca29481bf5e8d06d047d61aded82b23') in 0.017764 seconds 
  Import took 0.022082 seconds .

========================================================================
Received Import Request.
  Time since last request: 0.000120 seconds.
  path: Assets/RTP Vol.1/Materials/tree1 bark.png
  artifactKey: Guid(c9ad8df91c3559c4c8f2ab57e091f8fc) Importer(815301076,1909f56bfc062723c751e8b465ee728b)
Start importing Assets/RTP Vol.1/Materials/tree1 bark.png using Guid(c9ad8df91c3559c4c8f2ab57e091f8fc) Importer(815301076,1909f56bfc062723c751e8b465ee728b)  -> (artifact id: '275bfee8134ab4a034db860a7f3eed8c') in 0.016144 seconds 
  Import took 0.020507 seconds .

========================================================================
Received Import Request.
  Time since last request: 0.000173 seconds.
  path: Assets/RTP Vol.1/Materials/Material_002.mat
  artifactKey: Guid(a56fe6e4fa8c84149bff66bda55b7465) Importer(815301076,1909f56bfc062723c751e8b465ee728b)
Start importing Assets/RTP Vol.1/Materials/Material_002.mat using Guid(a56fe6e4fa8c84149bff66bda55b7465) Importer(815301076,1909f56bfc062723c751e8b465ee728b)  -> (artifact id: 'cca29481bf5e8d06d047d61aded82b23') in 0.010910 seconds 
  Import took 0.015253 seconds .

========================================================================
Received Import Request.
  Time since last request: 0.000155 seconds.
  path: Assets/RTP Vol.1/Materials/tree1 bark N.png
  artifactKey: Guid(7384dc28a365db54b805e4561d27827d) Importer(815301076,1909f56bfc062723c751e8b465ee728b)
Start importing Assets/RTP Vol.1/Materials/tree1 bark N.png using Guid(7384dc28a365db54b805e4561d27827d) Importer(815301076,1909f56bfc062723c751e8b465ee728b)  -> (artifact id: '6cc9c6d5a4d4006ab436bc590823d821') in 0.020907 seconds 
  Import took 0.025801 seconds .

========================================================================
Received Import Request.
  Time since last request: 0.000120 seconds.
  path: Assets/RTP Vol.1/Materials/tree2 bark.png
  artifactKey: Guid(5d7ddc4dccacc8140a3013ed06a1580c) Importer(815301076,1909f56bfc062723c751e8b465ee728b)
Start importing Assets/RTP Vol.1/Materials/tree2 bark.png using Guid(5d7ddc4dccacc8140a3013ed06a1580c) Importer(815301076,1909f56bfc062723c751e8b465ee728b)  -> (artifact id: '251f7fbf911a12aa5045a06a5c3fc6e1') in 0.009795 seconds 
  Import took 0.014169 seconds .

========================================================================
Received Import Request.
  Time since last request: 10.050272 seconds.
  path: Assets/water_tank
  artifactKey: Guid(5472ff8279dc61d4798d5cacccf8150e) Importer(815301076,1909f56bfc062723c751e8b465ee728b)
Start importing Assets/water_tank using Guid(5472ff8279dc61d4798d5cacccf8150e) Importer(815301076,1909f56bfc062723c751e8b465ee728b)  -> (artifact id: '6e45ea2542c9e8e9268fe23158537237') in 0.004832 seconds 
  Import took 0.009297 seconds .

========================================================================
Received Import Request.
  Time since last request: 12.009913 seconds.
  path: Assets/water_tank/water_tank.unity
  artifactKey: Guid(6def0815475bb8345baca396496b63c9) Importer(815301076,1909f56bfc062723c751e8b465ee728b)
Start importing Assets/water_tank/water_tank.unity using Guid(6def0815475bb8345baca396496b63c9) Importer(815301076,1909f56bfc062723c751e8b465ee728b)  -> (artifact id: '20d229da65429b4c495530ccff0e46b3') in 0.004883 seconds 
  Import took 0.009297 seconds .

========================================================================
Received Prepare
Registering precompiled user dll's ...
Registered in 0.003911 seconds.
Begin MonoManager ReloadAssembly
Native extension for LinuxStandalone target not found
Native extension for WindowsStandalone target not found
Refreshing native plugins compatible for Editor in 0.84 ms, found 5 plugins.
Preloading 1 native plugins for Editor in 0.10 ms.
System.Reflection.TargetInvocationException: Exception has been thrown by the target of an invocation. ---> System.NullReferenceException: Object reference not set to an instance of an object
  at Unity.XR.Oculus.OculusLoader.AssetPathToAbsolutePath (System.String assetPath) [0x00048] in C:\Users\PC\Desktop\alt_realities_project1_repo\DeadAliveDeadAgain\Library\PackageCache\com.unity.xr.oculus@1.10.0\Runtime\OculusLoader.cs:250 
  at Unity.XR.Oculus.OculusLoader.EditorLoadOVRPlugin () [0x0007b] in C:\Users\PC\Desktop\alt_realities_project1_repo\DeadAliveDeadAgain\Library\PackageCache\com.unity.xr.oculus@1.10.0\Runtime\OculusLoader.cs:235 
  at (wrapper managed-to-native) System.Reflection.MonoMethod.InternalInvoke(System.Reflection.MonoMethod,object,object[],System.Exception&)
  at System.Reflection.MonoMethod.Invoke (System.Object obj, System.Reflection.BindingFlags invokeAttr, System.Reflection.Binder binder, System.Object[] parameters, System.Globalization.CultureInfo culture) [0x00032] in <695d1cc93cca45069c528c15c9fdd749>:0 
   --- End of inner exception stack trace ---
  at System.Reflection.MonoMethod.Invoke (System.Object obj, System.Reflection.BindingFlags invokeAttr, System.Reflection.Binder binder, System.Object[] parameters, System.Globalization.CultureInfo culture) [0x00048] in <695d1cc93cca45069c528c15c9fdd749>:0 
  at System.Reflection.MethodBase.Invoke (System.Object obj, System.Object[] parameters) [0x00000] in <695d1cc93cca45069c528c15c9fdd749>:0 
  at UnityEditor.EditorAssemblies.ProcessInitializeOnLoadMethodAttributes () [0x00047] in <d0e4b8c1204147f3935b6e9c8b8565ad>:0 
UnityEngine.StackTraceUtility:ExtractStackTrace ()
UnityEngine.DebugLogHandler:LogFormat (UnityEngine.LogType,UnityEngine.Object,string,object[])
UnityEngine.Logger:Log (UnityEngine.LogType,object)
UnityEngine.Debug:LogError (object)
UnityEditor.EditorAssemblies:ProcessInitializeOnLoadMethodAttributes ()

Mono: successfully reloaded assembly
- Completed reload, in  1.050 seconds
Domain Reload Profiling:
	ReloadAssembly (1050ms)
		BeginReloadAssembly (113ms)
			ExecutionOrderSort (0ms)
			DisableScriptedObjects (5ms)
			BackupInstance (0ms)
			ReleaseScriptingObjects (0ms)
			CreateAndSetChildDomain (30ms)
		EndReloadAssembly (889ms)
			LoadAssemblies (77ms)
			RebuildTransferFunctionScriptingTraits (0ms)
			SetupTypeCache (255ms)
			ReleaseScriptCaches (1ms)
			RebuildScriptCaches (37ms)
			SetupLoadedEditorAssemblies (389ms)
				LogAssemblyErrors (0ms)
				InitializePlatformSupportModulesInManaged (5ms)
				SetLoadedEditorAssemblies (0ms)
				RefreshPlugins (1ms)
				BeforeProcessingInitializeOnLoad (102ms)
				ProcessInitializeOnLoadAttributes (263ms)
				ProcessInitializeOnLoadMethodAttributes (13ms)
				AfterProcessingInitializeOnLoad (4ms)
				EditorAssembliesLoaded (0ms)
			ExecutionOrderSort2 (0ms)
			AwakeInstancesAfterBackupRestoration (12ms)
Platform modules already initialized, skipping
Switching build target platform(19) subTarget(0) extendedPlatform(0) -> platform(13) subTarget(524294) extendedPlatform(0)
Refreshing native plugins compatible for Editor in 0.73 ms, found 5 plugins.
Preloading 1 native plugins for Editor in 0.07 ms.
Unloading 3178 Unused Serialized files (Serialized files now loaded: 0)
System memory in use before: 184.4 MB.
System memory in use after: 184.5 MB.

Unloading 17 unused Assets to reduce memory usage. Loaded Objects now: 3875.
Total: 3.037200 ms (FindLiveObjects: 0.307800 ms CreateObjectMapping: 0.159300 ms MarkObjects: 2.505300 ms  DeleteObjects: 0.063700 ms)

AssetImportParameters requested are different than current active one (requested -> active):
  custom:framework-win-MediaFoundation: 216162199b28c13a410421893ffa2e32 -> 
  custom:video-decoder-ogg-theora: a1e56fd34408186e4bbccfd4996cb3dc -> 
  custom:container-muxer-webm: aa71ff27fc2769a1b78a27578f13a17b -> 
  custom:container-demuxer-webm: 4f35f7cbe854078d1ac9338744f61a02 -> 
  custom:container-demuxer-ogg: 62fdf1f143b41e24485cea50d1cbac27 -> 
  custom:video-encoder-webm-vp8: eb34c28f22e8b96e1ab97ce403110664 -> 
  custom:video-decoder-webm-vp8: 9c59270c3fd7afecdb556c50c9e8de78 -> 
  custom:graphics/normal-map-encoding: 01000000000000000000000000000000 -> 02000000000000000000000000000000
  custom:audio-decoder-ogg-vorbis: bf7c407c2cedff20999df2af8eb42d56 -> 
  custom:audio-encoder-webm-vorbis: bf7c407c2cedff20999df2af8eb42d56 -> 
========================================================================
Received Import Request.
  Time since last request: 4.016439 seconds.
  path: Assets/water_tank/barrel.mat
  artifactKey: Guid(2cc3693d86e47aa438d53c99a5187df7) Importer(815301076,1909f56bfc062723c751e8b465ee728b)
Start importing Assets/water_tank/barrel.mat using Guid(2cc3693d86e47aa438d53c99a5187df7) Importer(815301076,1909f56bfc062723c751e8b465ee728b)  -> (artifact id: 'd64df2b70d15b7193b30d882d2e8af8e') in 0.138433 seconds 
  Import took 0.143962 seconds .

========================================================================
Received Import Request.
  Time since last request: 45.309682 seconds.
  path: Assets/Scenes/main.unity
  artifactKey: Guid(9fc0d4010bbf28b4594072e72b8655ab) Importer(815301076,1909f56bfc062723c751e8b465ee728b)
Start importing Assets/Scenes/main.unity using Guid(9fc0d4010bbf28b4594072e72b8655ab) Importer(815301076,1909f56bfc062723c751e8b465ee728b)  -> (artifact id: '651af1494bf20860966bb5986f1e14ca') in 0.004927 seconds 
  Import took 0.010789 seconds .

========================================================================
Received Prepare
Registering precompiled user dll's ...
Registered in 0.004027 seconds.
Begin MonoManager ReloadAssembly
Native extension for LinuxStandalone target not found
Native extension for WindowsStandalone target not found
Refreshing native plugins compatible for Editor in 0.67 ms, found 5 plugins.
Preloading 1 native plugins for Editor in 0.07 ms.
System.Reflection.TargetInvocationException: Exception has been thrown by the target of an invocation. ---> System.NullReferenceException: Object reference not set to an instance of an object
  at Unity.XR.Oculus.OculusLoader.AssetPathToAbsolutePath (System.String assetPath) [0x00048] in C:\Users\PC\Desktop\alt_realities_project1_repo\DeadAliveDeadAgain\Library\PackageCache\com.unity.xr.oculus@1.10.0\Runtime\OculusLoader.cs:250 
  at Unity.XR.Oculus.OculusLoader.EditorLoadOVRPlugin () [0x0007b] in C:\Users\PC\Desktop\alt_realities_project1_repo\DeadAliveDeadAgain\Library\PackageCache\com.unity.xr.oculus@1.10.0\Runtime\OculusLoader.cs:235 
  at (wrapper managed-to-native) System.Reflection.MonoMethod.InternalInvoke(System.Reflection.MonoMethod,object,object[],System.Exception&)
  at System.Reflection.MonoMethod.Invoke (System.Object obj, System.Reflection.BindingFlags invokeAttr, System.Reflection.Binder binder, System.Object[] parameters, System.Globalization.CultureInfo culture) [0x00032] in <695d1cc93cca45069c528c15c9fdd749>:0 
   --- End of inner exception stack trace ---
  at System.Reflection.MonoMethod.Invoke (System.Object obj, System.Reflection.BindingFlags invokeAttr, System.Reflection.Binder binder, System.Object[] parameters, System.Globalization.CultureInfo culture) [0x00048] in <695d1cc93cca45069c528c15c9fdd749>:0 
  at System.Reflection.MethodBase.Invoke (System.Object obj, System.Object[] parameters) [0x00000] in <695d1cc93cca45069c528c15c9fdd749>:0 
  at UnityEditor.EditorAssemblies.ProcessInitializeOnLoadMethodAttributes () [0x00047] in <d0e4b8c1204147f3935b6e9c8b8565ad>:0 
UnityEngine.StackTraceUtility:ExtractStackTrace ()
UnityEngine.DebugLogHandler:LogFormat (UnityEngine.LogType,UnityEngine.Object,string,object[])
UnityEngine.Logger:Log (UnityEngine.LogType,object)
UnityEngine.Debug:LogError (object)
UnityEditor.EditorAssemblies:ProcessInitializeOnLoadMethodAttributes ()

Mono: successfully reloaded assembly
- Completed reload, in  0.964 seconds
Domain Reload Profiling:
	ReloadAssembly (964ms)
		BeginReloadAssembly (97ms)
			ExecutionOrderSort (0ms)
			DisableScriptedObjects (5ms)
			BackupInstance (0ms)
			ReleaseScriptingObjects (0ms)
			CreateAndSetChildDomain (31ms)
		EndReloadAssembly (820ms)
			LoadAssemblies (74ms)
			RebuildTransferFunctionScriptingTraits (0ms)
			SetupTypeCache (239ms)
			ReleaseScriptCaches (1ms)
			RebuildScriptCaches (34ms)
			SetupLoadedEditorAssemblies (348ms)
				LogAssemblyErrors (0ms)
				InitializePlatformSupportModulesInManaged (4ms)
				SetLoadedEditorAssemblies (0ms)
				RefreshPlugins (1ms)
				BeforeProcessingInitializeOnLoad (93ms)
				ProcessInitializeOnLoadAttributes (234ms)
				ProcessInitializeOnLoadMethodAttributes (11ms)
				AfterProcessingInitializeOnLoad (4ms)
				EditorAssembliesLoaded (0ms)
			ExecutionOrderSort2 (0ms)
			AwakeInstancesAfterBackupRestoration (12ms)
Platform modules already initialized, skipping
Switching build target platform(19) subTarget(0) extendedPlatform(0) -> platform(13) subTarget(524294) extendedPlatform(0)
Refreshing native plugins compatible for Editor in 0.68 ms, found 5 plugins.
Preloading 1 native plugins for Editor in 0.07 ms.
Unloading 3178 Unused Serialized files (Serialized files now loaded: 0)
System memory in use before: 184.5 MB.
System memory in use after: 184.7 MB.

Unloading 17 unused Assets to reduce memory usage. Loaded Objects now: 3914.
Total: 3.049100 ms (FindLiveObjects: 0.279600 ms CreateObjectMapping: 0.152200 ms MarkObjects: 2.554300 ms  DeleteObjects: 0.062400 ms)

AssetImportParameters requested are different than current active one (requested -> active):
  custom:framework-win-MediaFoundation: 216162199b28c13a410421893ffa2e32 -> 
  custom:video-decoder-ogg-theora: a1e56fd34408186e4bbccfd4996cb3dc -> 
  custom:container-muxer-webm: aa71ff27fc2769a1b78a27578f13a17b -> 
  custom:container-demuxer-webm: 4f35f7cbe854078d1ac9338744f61a02 -> 
  custom:container-demuxer-ogg: 62fdf1f143b41e24485cea50d1cbac27 -> 
  custom:video-encoder-webm-vp8: eb34c28f22e8b96e1ab97ce403110664 -> 
  custom:video-decoder-webm-vp8: 9c59270c3fd7afecdb556c50c9e8de78 -> 
  custom:graphics/normal-map-encoding: 01000000000000000000000000000000 -> 02000000000000000000000000000000
  custom:audio-decoder-ogg-vorbis: bf7c407c2cedff20999df2af8eb42d56 -> 
  custom:audio-encoder-webm-vorbis: bf7c407c2cedff20999df2af8eb42d56 -> 
========================================================================
Received Import Request.
  Time since last request: 259.690112 seconds.
  path: Assets/Coconut Palm Tree Pack
  artifactKey: Guid(22ed04f14d6613d45a3e0bf2cd13d8d1) Importer(815301076,1909f56bfc062723c751e8b465ee728b)
Start importing Assets/Coconut Palm Tree Pack using Guid(22ed04f14d6613d45a3e0bf2cd13d8d1) Importer(815301076,1909f56bfc062723c751e8b465ee728b)  -> (artifact id: '0b093eb359f35341e692e9b0db5d936e') in 0.007326 seconds 
  Import took 0.013976 seconds .

========================================================================
Received Import Request.
  Time since last request: 13.042530 seconds.
  path: Assets/TinyDragonMonster/Demo/Demo.unity
  artifactKey: Guid(0cac1c0d0ac34437c9eacda64800264e) Importer(815301076,1909f56bfc062723c751e8b465ee728b)
Start importing Assets/TinyDragonMonster/Demo/Demo.unity using Guid(0cac1c0d0ac34437c9eacda64800264e) Importer(815301076,1909f56bfc062723c751e8b465ee728b)  -> (artifact id: '0e2df912ecb113055a2d76b8b548f1f1') in 0.009757 seconds 
  Import took 0.014004 seconds .

========================================================================
Received Import Request.
  Time since last request: 44.966820 seconds.
  path: Assets/Scenes/main.unity
  artifactKey: Guid(9fc0d4010bbf28b4594072e72b8655ab) Importer(815301076,1909f56bfc062723c751e8b465ee728b)
Start importing Assets/Scenes/main.unity using Guid(9fc0d4010bbf28b4594072e72b8655ab) Importer(815301076,1909f56bfc062723c751e8b465ee728b)  -> (artifact id: '37c7ddc8b8b9b29b7fec6dd094196575') in 0.001921 seconds 
  Import took 0.006228 seconds .

========================================================================
Received Import Request.
  Time since last request: 39.670065 seconds.
  path: Assets/LeanTween
  artifactKey: Guid(5e6a0fa47acf54892bbdae89028eaec3) Importer(815301076,1909f56bfc062723c751e8b465ee728b)
Start importing Assets/LeanTween using Guid(5e6a0fa47acf54892bbdae89028eaec3) Importer(815301076,1909f56bfc062723c751e8b465ee728b)  -> (artifact id: 'a11d48d874f6bc25ec1059faf5fcea4f') in 0.004559 seconds 
  Import took 0.009152 seconds .

========================================================================
Received Import Request.
  Time since last request: 2.760142 seconds.
  path: Assets/LeanTween/Examples
  artifactKey: Guid(486852d399aed440aa95693d95263c16) Importer(815301076,1909f56bfc062723c751e8b465ee728b)
Start importing Assets/LeanTween/Examples using Guid(486852d399aed440aa95693d95263c16) Importer(815301076,1909f56bfc062723c751e8b465ee728b)  -> (artifact id: '9963b25e164aec5f1578c17d6f404583') in 0.004474 seconds 
  Import took 0.008728 seconds .

========================================================================
Received Import Request.
  Time since last request: 1.627527 seconds.
  path: Assets/LeanTween/Examples/Models
  artifactKey: Guid(59b55a9208dd7467b964ad4ead1ef272) Importer(815301076,1909f56bfc062723c751e8b465ee728b)
Start importing Assets/LeanTween/Examples/Models using Guid(59b55a9208dd7467b964ad4ead1ef272) Importer(815301076,1909f56bfc062723c751e8b465ee728b)  -> (artifact id: '0de383e3cd49bb14dd96ffbd7cfbffb8') in 0.004203 seconds 
  Import took 0.008383 seconds .

========================================================================
Received Import Request.
  Time since last request: 0.052616 seconds.
  path: Assets/LeanTween/Examples/Models/2dText.fbx
  artifactKey: Guid(c0f35ff1d23074af5bcd82d9caa31ebe) Importer(815301076,1909f56bfc062723c751e8b465ee728b)
Start importing Assets/LeanTween/Examples/Models/2dText.fbx using Guid(c0f35ff1d23074af5bcd82d9caa31ebe) Importer(815301076,1909f56bfc062723c751e8b465ee728b)  -> (artifact id: '766899d21653f04c424a1c7f2d31418b') in 0.150907 seconds 
  Import took 0.155664 seconds .

========================================================================
Received Import Request.
  Time since last request: 0.000134 seconds.
  path: Assets/LeanTween/Examples/Models/LeanTween.prefab
  artifactKey: Guid(f6cb897ad03b148b0b891659e4337604) Importer(815301076,1909f56bfc062723c751e8b465ee728b)
Start importing Assets/LeanTween/Examples/Models/LeanTween.prefab using Guid(f6cb897ad03b148b0b891659e4337604) Importer(815301076,1909f56bfc062723c751e8b465ee728b)  -> (artifact id: 'e8b783ef81e71192f62c9aadfa9bb8d4') in 0.018406 seconds 
  Import took 0.023032 seconds .

========================================================================
Received Import Request.
  Time since last request: 0.000122 seconds.
  path: Assets/LeanTween/Examples/Models/LeanTweenHD-Icon.fbx
  artifactKey: Guid(7d6f6aee277594029851a7cc81d550d5) Importer(815301076,1909f56bfc062723c751e8b465ee728b)
Start importing Assets/LeanTween/Examples/Models/LeanTweenHD-Icon.fbx using Guid(7d6f6aee277594029851a7cc81d550d5) Importer(815301076,1909f56bfc062723c751e8b465ee728b)  -> (artifact id: '2844a71a8829f8d3c8eaa4b30af68693') in 0.054290 seconds 
  Import took 0.059029 seconds .

========================================================================
Received Import Request.
  Time since last request: 0.000116 seconds.
  path: Assets/LeanTween/Examples/Models/SimpleAvatarPieces.fbx
  artifactKey: Guid(f9f32fdb4bc7744849a33427aedb8702) Importer(815301076,1909f56bfc062723c751e8b465ee728b)
Start importing Assets/LeanTween/Examples/Models/SimpleAvatarPieces.fbx using Guid(f9f32fdb4bc7744849a33427aedb8702) Importer(815301076,1909f56bfc062723c751e8b465ee728b)  -> (artifact id: '26364e8cad2adadd10784fd19286d9a0') in 0.363747 seconds 
  Import took 0.368110 seconds .

========================================================================
Received Import Request.
  Time since last request: 0.000126 seconds.
  path: Assets/LeanTween/Examples/Models/AdvancedExamplesText.fbx
  artifactKey: Guid(47a7c1f40f5df413fbc8bf1c01c011a2) Importer(815301076,1909f56bfc062723c751e8b465ee728b)
Start importing Assets/LeanTween/Examples/Models/AdvancedExamplesText.fbx using Guid(47a7c1f40f5df413fbc8bf1c01c011a2) Importer(815301076,1909f56bfc062723c751e8b465ee728b)  -> (artifact id: '8ab9c9be0794f3c0990a2f5f981d80a0') in 0.061079 seconds 
  Import took 0.066867 seconds .

========================================================================
Received Import Request.
  Time since last request: 0.000114 seconds.
  path: Assets/LeanTween/Examples/Models/CurvePathsText.fbx
  artifactKey: Guid(9256e250ab62647109679d3cbbaf6f04) Importer(815301076,1909f56bfc062723c751e8b465ee728b)
Start importing Assets/LeanTween/Examples/Models/CurvePathsText.fbx using Guid(9256e250ab62647109679d3cbbaf6f04) Importer(815301076,1909f56bfc062723c751e8b465ee728b)  -> (artifact id: 'c3ba1cc497a62492dbcd63b6eeabe4a9') in 0.018309 seconds 
  Import took 0.022703 seconds .

========================================================================
Received Import Request.
  Time since last request: 0.000120 seconds.
  path: Assets/LeanTween/Examples/Models/LeanTween-Icon.fbx
  artifactKey: Guid(6fc4240da91ab4747a411a8313faed53) Importer(815301076,1909f56bfc062723c751e8b465ee728b)
Start importing Assets/LeanTween/Examples/Models/LeanTween-Icon.fbx using Guid(6fc4240da91ab4747a411a8313faed53) Importer(815301076,1909f56bfc062723c751e8b465ee728b)  -> (artifact id: '87863a13393a7c71361f8f4d70d18350') in 0.043561 seconds 
  Import took 0.047580 seconds .

========================================================================
Received Import Request.
  Time since last request: 0.000122 seconds.
  path: Assets/LeanTween/Examples/Models/EndlessDrivingText.fbx
  artifactKey: Guid(6311d891eea1c406c941c23f9dfa5265) Importer(815301076,1909f56bfc062723c751e8b465ee728b)
Start importing Assets/LeanTween/Examples/Models/EndlessDrivingText.fbx using Guid(6311d891eea1c406c941c23f9dfa5265) Importer(815301076,1909f56bfc062723c751e8b465ee728b)  -> (artifact id: 'f150b6d860724a23c58a8d7ca5a136c7') in 0.034394 seconds 
  Import took 0.038507 seconds .

========================================================================
Received Import Request.
  Time since last request: 0.000116 seconds.
  path: Assets/LeanTween/Examples/Models/CameraShakeText.fbx
  artifactKey: Guid(f4d8d07c107904cdfb54156450f020f3) Importer(815301076,1909f56bfc062723c751e8b465ee728b)
Start importing Assets/LeanTween/Examples/Models/CameraShakeText.fbx using Guid(f4d8d07c107904cdfb54156450f020f3) Importer(815301076,1909f56bfc062723c751e8b465ee728b)  -> (artifact id: '41327fb2f9bd96eca83c923e84428a12') in 0.030290 seconds 
  Import took 0.034490 seconds .

========================================================================
Received Import Request.
  Time since last request: 0.000151 seconds.
  path: Assets/LeanTween/Examples/Models/SimpleAvatar.fbx
  artifactKey: Guid(c8c942998fe7e4845bed23e105bd031f) Importer(815301076,1909f56bfc062723c751e8b465ee728b)
Start importing Assets/LeanTween/Examples/Models/SimpleAvatar.fbx using Guid(c8c942998fe7e4845bed23e105bd031f) Importer(815301076,1909f56bfc062723c751e8b465ee728b)  -> (artifact id: '587a6e673fdfb88d052700e1c56d7aa4') in 0.019603 seconds 
  Import took 0.023616 seconds .

========================================================================
Received Import Request.
  Time since last request: 0.000119 seconds.
  path: Assets/LeanTween/Examples/Models/DirectionalArrow.fbx
  artifactKey: Guid(d47ae0396110840289d47476d8289fbf) Importer(815301076,1909f56bfc062723c751e8b465ee728b)
Start importing Assets/LeanTween/Examples/Models/DirectionalArrow.fbx using Guid(d47ae0396110840289d47476d8289fbf) Importer(815301076,1909f56bfc062723c751e8b465ee728b)  -> (artifact id: '4a39418fa1d8826c87e361a849b69672') in 0.044174 seconds 
  Import took 0.048462 seconds .

========================================================================
Received Import Request.
  Time since last request: 0.000114 seconds.
  path: Assets/LeanTween/Examples/Models/ExampleFirTree.fbx
  artifactKey: Guid(26daae648a43e4db88d0a47a293d545c) Importer(815301076,1909f56bfc062723c751e8b465ee728b)
Start importing Assets/LeanTween/Examples/Models/ExampleFirTree.fbx using Guid(26daae648a43e4db88d0a47a293d545c) Importer(815301076,1909f56bfc062723c751e8b465ee728b)  -> (artifact id: 'fde13905aa183ded0efb7fe269179a12') in 0.035554 seconds 
  Import took 0.039441 seconds .

========================================================================
Received Import Request.
  Time since last request: 0.000153 seconds.
  path: Assets/LeanTween/Examples/Models/Grid.fbx
  artifactKey: Guid(cf8dd6c08e9ac4507bbbd1468b530d48) Importer(815301076,1909f56bfc062723c751e8b465ee728b)
Start importing Assets/LeanTween/Examples/Models/Grid.fbx using Guid(cf8dd6c08e9ac4507bbbd1468b530d48) Importer(815301076,1909f56bfc062723c751e8b465ee728b)  -> (artifact id: '0d997436928230ba713d1c5d26762edb') in 0.016530 seconds 
  Import took 0.020611 seconds .

========================================================================
Received Import Request.
  Time since last request: 0.000173 seconds.
  path: Assets/LeanTween/Examples/Models/BasicExamplesText.fbx
  artifactKey: Guid(803bfbdea65eb4ebe96e481875403860) Importer(815301076,1909f56bfc062723c751e8b465ee728b)
Start importing Assets/LeanTween/Examples/Models/BasicExamplesText.fbx using Guid(803bfbdea65eb4ebe96e481875403860) Importer(815301076,1909f56bfc062723c751e8b465ee728b)  -> (artifact id: 'd795d787316ca01e1f30673b13f5da27') in 0.054220 seconds 
  Import took 0.058311 seconds .

========================================================================
Received Import Request.
  Time since last request: 0.000120 seconds.
  path: Assets/LeanTween/Examples/Models/ExampleCar.fbx
  artifactKey: Guid(00046df2e01964c4cbb764131f0c85e1) Importer(815301076,1909f56bfc062723c751e8b465ee728b)
Start importing Assets/LeanTween/Examples/Models/ExampleCar.fbx using Guid(00046df2e01964c4cbb764131f0c85e1) Importer(815301076,1909f56bfc062723c751e8b465ee728b)  -> (artifact id: '3cc56acc3fac9b6203499e33ae3a4b4f') in 0.026024 seconds 
  Import took 0.030009 seconds .

========================================================================
Received Import Request.
  Time since last request: 28.860300 seconds.
  path: Assets/LeanTween/Documentation
  artifactKey: Guid(6737b2aaab0f546e39693df5f551dfc8) Importer(815301076,1909f56bfc062723c751e8b465ee728b)
Start importing Assets/LeanTween/Documentation using Guid(6737b2aaab0f546e39693df5f551dfc8) Importer(815301076,1909f56bfc062723c751e8b465ee728b)  -> (artifact id: '4888d8dfcd933ab428b3e5f079bac560') in 0.004419 seconds 
  Import took 0.008673 seconds .

========================================================================
Received Prepare
Registering precompiled user dll's ...
Registered in 0.004423 seconds.
Begin MonoManager ReloadAssembly
Native extension for LinuxStandalone target not found
Native extension for WindowsStandalone target not found
Refreshing native plugins compatible for Editor in 0.67 ms, found 5 plugins.
Preloading 1 native plugins for Editor in 0.07 ms.
System.Reflection.TargetInvocationException: Exception has been thrown by the target of an invocation. ---> System.NullReferenceException: Object reference not set to an instance of an object
  at Unity.XR.Oculus.OculusLoader.AssetPathToAbsolutePath (System.String assetPath) [0x00048] in C:\Users\PC\Desktop\alt_realities_project1_repo\DeadAliveDeadAgain\Library\PackageCache\com.unity.xr.oculus@1.10.0\Runtime\OculusLoader.cs:250 
  at Unity.XR.Oculus.OculusLoader.EditorLoadOVRPlugin () [0x0007b] in C:\Users\PC\Desktop\alt_realities_project1_repo\DeadAliveDeadAgain\Library\PackageCache\com.unity.xr.oculus@1.10.0\Runtime\OculusLoader.cs:235 
  at (wrapper managed-to-native) System.Reflection.MonoMethod.InternalInvoke(System.Reflection.MonoMethod,object,object[],System.Exception&)
  at System.Reflection.MonoMethod.Invoke (System.Object obj, System.Reflection.BindingFlags invokeAttr, System.Reflection.Binder binder, System.Object[] parameters, System.Globalization.CultureInfo culture) [0x00032] in <695d1cc93cca45069c528c15c9fdd749>:0 
   --- End of inner exception stack trace ---
  at System.Reflection.MonoMethod.Invoke (System.Object obj, System.Reflection.BindingFlags invokeAttr, System.Reflection.Binder binder, System.Object[] parameters, System.Globalization.CultureInfo culture) [0x00048] in <695d1cc93cca45069c528c15c9fdd749>:0 
  at System.Reflection.MethodBase.Invoke (System.Object obj, System.Object[] parameters) [0x00000] in <695d1cc93cca45069c528c15c9fdd749>:0 
  at UnityEditor.EditorAssemblies.ProcessInitializeOnLoadMethodAttributes () [0x00047] in <d0e4b8c1204147f3935b6e9c8b8565ad>:0 
UnityEngine.StackTraceUtility:ExtractStackTrace ()
UnityEngine.DebugLogHandler:LogFormat (UnityEngine.LogType,UnityEngine.Object,string,object[])
UnityEngine.Logger:Log (UnityEngine.LogType,object)
UnityEngine.Debug:LogError (object)
UnityEditor.EditorAssemblies:ProcessInitializeOnLoadMethodAttributes ()

Mono: successfully reloaded assembly
- Completed reload, in  1.003 seconds
Domain Reload Profiling:
	ReloadAssembly (1003ms)
		BeginReloadAssembly (126ms)
			ExecutionOrderSort (0ms)
			DisableScriptedObjects (5ms)
			BackupInstance (0ms)
			ReleaseScriptingObjects (0ms)
			CreateAndSetChildDomain (32ms)
		EndReloadAssembly (830ms)
			LoadAssemblies (77ms)
			RebuildTransferFunctionScriptingTraits (0ms)
			SetupTypeCache (243ms)
			ReleaseScriptCaches (1ms)
			RebuildScriptCaches (36ms)
			SetupLoadedEditorAssemblies (347ms)
				LogAssemblyErrors (0ms)
				InitializePlatformSupportModulesInManaged (4ms)
				SetLoadedEditorAssemblies (0ms)
				RefreshPlugins (1ms)
				BeforeProcessingInitializeOnLoad (85ms)
				ProcessInitializeOnLoadAttributes (240ms)
				ProcessInitializeOnLoadMethodAttributes (11ms)
				AfterProcessingInitializeOnLoad (4ms)
				EditorAssembliesLoaded (0ms)
			ExecutionOrderSort2 (0ms)
			AwakeInstancesAfterBackupRestoration (13ms)
Platform modules already initialized, skipping
Switching build target platform(19) subTarget(0) extendedPlatform(0) -> platform(13) subTarget(524294) extendedPlatform(0)
Refreshing native plugins compatible for Editor in 0.69 ms, found 5 plugins.
Preloading 1 native plugins for Editor in 0.07 ms.
Unloading 3178 Unused Serialized files (Serialized files now loaded: 0)
System memory in use before: 185.2 MB.
System memory in use after: 185.4 MB.

Unloading 17 unused Assets to reduce memory usage. Loaded Objects now: 3955.
Total: 3.232900 ms (FindLiveObjects: 0.318100 ms CreateObjectMapping: 0.180000 ms MarkObjects: 2.655300 ms  DeleteObjects: 0.078800 ms)

AssetImportParameters requested are different than current active one (requested -> active):
  custom:framework-win-MediaFoundation: 216162199b28c13a410421893ffa2e32 -> 
  custom:video-decoder-ogg-theora: a1e56fd34408186e4bbccfd4996cb3dc -> 
  custom:container-muxer-webm: aa71ff27fc2769a1b78a27578f13a17b -> 
  custom:container-demuxer-webm: 4f35f7cbe854078d1ac9338744f61a02 -> 
  custom:container-demuxer-ogg: 62fdf1f143b41e24485cea50d1cbac27 -> 
  custom:video-encoder-webm-vp8: eb34c28f22e8b96e1ab97ce403110664 -> 
  custom:video-decoder-webm-vp8: 9c59270c3fd7afecdb556c50c9e8de78 -> 
  custom:graphics/normal-map-encoding: 01000000000000000000000000000000 -> 02000000000000000000000000000000
  custom:audio-decoder-ogg-vorbis: bf7c407c2cedff20999df2af8eb42d56 -> 
  custom:audio-encoder-webm-vorbis: bf7c407c2cedff20999df2af8eb42d56 -> 
========================================================================
Received Import Request.
  Time since last request: 795.670845 seconds.
  path: Assets/LeanTween/Examples/Scripts
  artifactKey: Guid(fd3a10f67e2b7486caaf1ac6b519b3ae) Importer(815301076,1909f56bfc062723c751e8b465ee728b)
Start importing Assets/LeanTween/Examples/Scripts using Guid(fd3a10f67e2b7486caaf1ac6b519b3ae) Importer(815301076,1909f56bfc062723c751e8b465ee728b)  -> (artifact id: '9375feefc6f4a07200dd9b72ca9eb6ac') in 0.007293 seconds 
  Import took 0.012056 seconds .

========================================================================
Received Import Request.
  Time since last request: 2.686243 seconds.
  path: Assets/LeanTween/Examples/Scripts/PathSplineEndless.cs
  artifactKey: Guid(784f0e347ee4d4c3b83ca56d6f33f01a) Importer(815301076,1909f56bfc062723c751e8b465ee728b)
Start importing Assets/LeanTween/Examples/Scripts/PathSplineEndless.cs using Guid(784f0e347ee4d4c3b83ca56d6f33f01a) Importer(815301076,1909f56bfc062723c751e8b465ee728b)  -> (artifact id: '0c5749c6950a8ababa6367b1ba3bcd2a') in 0.008749 seconds 
  Import took 0.012935 seconds .

========================================================================
Received Import Request.
  Time since last request: 0.013873 seconds.
  path: Assets/LeanTween/Examples/Scripts/PathSplineEndless.cs
  artifactKey: Guid(784f0e347ee4d4c3b83ca56d6f33f01a) Importer(815301076,1909f56bfc062723c751e8b465ee728b)
Start importing Assets/LeanTween/Examples/Scripts/PathSplineEndless.cs using Guid(784f0e347ee4d4c3b83ca56d6f33f01a) Importer(815301076,1909f56bfc062723c751e8b465ee728b)  -> (artifact id: '0c5749c6950a8ababa6367b1ba3bcd2a') in 0.001665 seconds 
  Import took 0.005797 seconds .

========================================================================
Received Import Request.
  Time since last request: 0.491379 seconds.
  path: Assets/LeanTween/Examples/Scripts/PathSpline2d.cs
  artifactKey: Guid(15c036b11e3ff486ea685da06fa305f6) Importer(815301076,1909f56bfc062723c751e8b465ee728b)
Start importing Assets/LeanTween/Examples/Scripts/PathSpline2d.cs using Guid(15c036b11e3ff486ea685da06fa305f6) Importer(815301076,1909f56bfc062723c751e8b465ee728b)  -> (artifact id: 'd7a4ed89195cff7e98190c7075acacfa') in 0.004384 seconds 
  Import took 0.008679 seconds .

========================================================================
Received Import Request.
  Time since last request: 0.824156 seconds.
  path: Assets/LeanTween/Examples/Scripts/PathBezier2d.cs
  artifactKey: Guid(873cb511c724a48bd919ce8a18fa882c) Importer(815301076,1909f56bfc062723c751e8b465ee728b)
Start importing Assets/LeanTween/Examples/Scripts/PathBezier2d.cs using Guid(873cb511c724a48bd919ce8a18fa882c) Importer(815301076,1909f56bfc062723c751e8b465ee728b)  -> (artifact id: '819aad96feca430adfd0ea4f2a0d1cc8') in 0.005674 seconds 
  Import took 0.011417 seconds .

========================================================================
Received Import Request.
  Time since last request: 0.518091 seconds.
  path: Assets/LeanTween/Examples/Scripts/PathBezier.cs
  artifactKey: Guid(ac2038ba3961049ed889ae71039982cd) Importer(815301076,1909f56bfc062723c751e8b465ee728b)
Start importing Assets/LeanTween/Examples/Scripts/PathBezier.cs using Guid(ac2038ba3961049ed889ae71039982cd) Importer(815301076,1909f56bfc062723c751e8b465ee728b)  -> (artifact id: 'ea0c3f3351e9f9ceadde57841bfed98e') in 0.004433 seconds 
  Import took 0.008706 seconds .

========================================================================
Received Import Request.
  Time since last request: 1.193666 seconds.
  path: Assets/LeanTween/Examples/Scripts/Following.cs
  artifactKey: Guid(7e619db3c84234f098b8636588c25e4f) Importer(815301076,1909f56bfc062723c751e8b465ee728b)
Start importing Assets/LeanTween/Examples/Scripts/Following.cs using Guid(7e619db3c84234f098b8636588c25e4f) Importer(815301076,1909f56bfc062723c751e8b465ee728b)  -> (artifact id: '872ca245e50f4f196f051d999155cb7b') in 0.004823 seconds 
  Import took 0.009121 seconds .

========================================================================
Received Import Request.
  Time since last request: 3.626839 seconds.
  path: Assets/LeanTween/Examples/Scripts/GeneralAdvancedTechniques.cs
  artifactKey: Guid(a4fce1b486cc240c4825b3bfd794e9e0) Importer(815301076,1909f56bfc062723c751e8b465ee728b)
Start importing Assets/LeanTween/Examples/Scripts/GeneralAdvancedTechniques.cs using Guid(a4fce1b486cc240c4825b3bfd794e9e0) Importer(815301076,1909f56bfc062723c751e8b465ee728b)  -> (artifact id: '4eb0afcecb0f5e2ee894e20f41b603d6') in 0.004498 seconds 
  Import took 0.008743 seconds .

========================================================================
Received Import Request.
  Time since last request: 0.000405 seconds.
  path: Assets/LeanTween/Examples/Scripts/GeneralAdvancedTechniques.cs
  artifactKey: Guid(a4fce1b486cc240c4825b3bfd794e9e0) Importer(815301076,1909f56bfc062723c751e8b465ee728b)
Start importing Assets/LeanTween/Examples/Scripts/GeneralAdvancedTechniques.cs using Guid(a4fce1b486cc240c4825b3bfd794e9e0) Importer(815301076,1909f56bfc062723c751e8b465ee728b)  -> (artifact id: '4eb0afcecb0f5e2ee894e20f41b603d6') in 0.001587 seconds 
  Import took 0.005973 seconds .

========================================================================
Received Prepare
Registering precompiled user dll's ...
Registered in 0.003902 seconds.
Begin MonoManager ReloadAssembly
Native extension for LinuxStandalone target not found
Native extension for WindowsStandalone target not found
Refreshing native plugins compatible for Editor in 0.67 ms, found 5 plugins.
Preloading 1 native plugins for Editor in 0.07 ms.
System.Reflection.TargetInvocationException: Exception has been thrown by the target of an invocation. ---> System.NullReferenceException: Object reference not set to an instance of an object
  at Unity.XR.Oculus.OculusLoader.AssetPathToAbsolutePath (System.String assetPath) [0x00048] in C:\Users\PC\Desktop\alt_realities_project1_repo\DeadAliveDeadAgain\Library\PackageCache\com.unity.xr.oculus@1.10.0\Runtime\OculusLoader.cs:250 
  at Unity.XR.Oculus.OculusLoader.EditorLoadOVRPlugin () [0x0007b] in C:\Users\PC\Desktop\alt_realities_project1_repo\DeadAliveDeadAgain\Library\PackageCache\com.unity.xr.oculus@1.10.0\Runtime\OculusLoader.cs:235 
  at (wrapper managed-to-native) System.Reflection.MonoMethod.InternalInvoke(System.Reflection.MonoMethod,object,object[],System.Exception&)
  at System.Reflection.MonoMethod.Invoke (System.Object obj, System.Reflection.BindingFlags invokeAttr, System.Reflection.Binder binder, System.Object[] parameters, System.Globalization.CultureInfo culture) [0x00032] in <695d1cc93cca45069c528c15c9fdd749>:0 
   --- End of inner exception stack trace ---
  at System.Reflection.MonoMethod.Invoke (System.Object obj, System.Reflection.BindingFlags invokeAttr, System.Reflection.Binder binder, System.Object[] parameters, System.Globalization.CultureInfo culture) [0x00048] in <695d1cc93cca45069c528c15c9fdd749>:0 
  at System.Reflection.MethodBase.Invoke (System.Object obj, System.Object[] parameters) [0x00000] in <695d1cc93cca45069c528c15c9fdd749>:0 
  at UnityEditor.EditorAssemblies.ProcessInitializeOnLoadMethodAttributes () [0x00047] in <d0e4b8c1204147f3935b6e9c8b8565ad>:0 
UnityEngine.StackTraceUtility:ExtractStackTrace ()
UnityEngine.DebugLogHandler:LogFormat (UnityEngine.LogType,UnityEngine.Object,string,object[])
UnityEngine.Logger:Log (UnityEngine.LogType,object)
UnityEngine.Debug:LogError (object)
UnityEditor.EditorAssemblies:ProcessInitializeOnLoadMethodAttributes ()

Mono: successfully reloaded assembly
- Completed reload, in  0.972 seconds
Domain Reload Profiling:
	ReloadAssembly (972ms)
		BeginReloadAssembly (106ms)
			ExecutionOrderSort (0ms)
			DisableScriptedObjects (5ms)
			BackupInstance (0ms)
			ReleaseScriptingObjects (0ms)
			CreateAndSetChildDomain (28ms)
		EndReloadAssembly (820ms)
			LoadAssemblies (76ms)
			RebuildTransferFunctionScriptingTraits (0ms)
			SetupTypeCache (235ms)
			ReleaseScriptCaches (1ms)
			RebuildScriptCaches (34ms)
			SetupLoadedEditorAssemblies (342ms)
				LogAssemblyErrors (0ms)
				InitializePlatformSupportModulesInManaged (4ms)
				SetLoadedEditorAssemblies (0ms)
				RefreshPlugins (1ms)
				BeforeProcessingInitializeOnLoad (86ms)
				ProcessInitializeOnLoadAttributes (234ms)
				ProcessInitializeOnLoadMethodAttributes (11ms)
				AfterProcessingInitializeOnLoad (5ms)
				EditorAssembliesLoaded (0ms)
			ExecutionOrderSort2 (0ms)
			AwakeInstancesAfterBackupRestoration (12ms)
Platform modules already initialized, skipping
Switching build target platform(19) subTarget(0) extendedPlatform(0) -> platform(13) subTarget(524294) extendedPlatform(0)
Refreshing native plugins compatible for Editor in 0.70 ms, found 5 plugins.
Preloading 1 native plugins for Editor in 0.07 ms.
Unloading 3178 Unused Serialized files (Serialized files now loaded: 0)
System memory in use before: 185.2 MB.
System memory in use after: 185.4 MB.

Unloading 17 unused Assets to reduce memory usage. Loaded Objects now: 3958.
Total: 2.995500 ms (FindLiveObjects: 0.278200 ms CreateObjectMapping: 0.128600 ms MarkObjects: 2.513300 ms  DeleteObjects: 0.074700 ms)

AssetImportParameters requested are different than current active one (requested -> active):
  custom:framework-win-MediaFoundation: 216162199b28c13a410421893ffa2e32 -> 
  custom:video-decoder-ogg-theora: a1e56fd34408186e4bbccfd4996cb3dc -> 
  custom:container-muxer-webm: aa71ff27fc2769a1b78a27578f13a17b -> 
  custom:container-demuxer-webm: 4f35f7cbe854078d1ac9338744f61a02 -> 
  custom:container-demuxer-ogg: 62fdf1f143b41e24485cea50d1cbac27 -> 
  custom:video-encoder-webm-vp8: eb34c28f22e8b96e1ab97ce403110664 -> 
  custom:video-decoder-webm-vp8: 9c59270c3fd7afecdb556c50c9e8de78 -> 
  custom:graphics/normal-map-encoding: 01000000000000000000000000000000 -> 02000000000000000000000000000000
  custom:audio-decoder-ogg-vorbis: bf7c407c2cedff20999df2af8eb42d56 -> 
  custom:audio-encoder-webm-vorbis: bf7c407c2cedff20999df2af8eb42d56 -> 
AssetImportWorkerClient::OnTransportError - code=2 error=End of file
